0 verbose cli C:\Program Files\nodejs\node.exe C:\Program Files\nodejs\node_modules\npm\bin\npm-cli.js
1 info using npm@10.9.2
2 info using node@v22.14.0
3 silly config load:file:C:\Program Files\nodejs\node_modules\npm\npmrc
4 silly config load:file:C:\Users\adrian\.npmrc
5 silly config load:file:C:\Users\adrian\AppData\Roaming\npm\etc\npmrc
6 verbose title npm install
7 verbose argv "install"
8 verbose logfile logs-max:10 dir:C:\Users\adrian\AppData\Local\npm-cache\_logs\2025-03-06T23_28_50_134Z-
9 verbose logfile C:\Users\adrian\AppData\Local\npm-cache\_logs\2025-03-06T23_28_50_134Z-debug-0.log
10 silly logfile start cleaning logs, removing 1 files
11 silly packumentCache heap:2101084160 maxSize:525271040 maxEntrySize:262635520
12 silly logfile done cleaning log files
13 silly idealTree buildDeps
14 silly fetch manifest @emotion/react@^11.14.0
15 silly packumentCache full:https://registry.npmjs.org/@emotion%2freact cache-miss
16 http fetch GET 200 https://registry.npmjs.org/@emotion%2freact 603ms (cache updated)
17 silly packumentCache full:https://registry.npmjs.org/@emotion%2freact set size:undefined disposed:false
18 silly fetch manifest react@>=16.8.0
19 silly packumentCache full:https://registry.npmjs.org/react cache-miss
20 http fetch GET 200 https://registry.npmjs.org/react 458ms (cache updated)
21 silly packumentCache full:https://registry.npmjs.org/react set size:undefined disposed:false
22 silly fetch manifest @emotion/styled@^11.14.0
23 silly packumentCache full:https://registry.npmjs.org/@emotion%2fstyled cache-miss
24 http fetch GET 200 https://registry.npmjs.org/@emotion%2fstyled 859ms (cache updated)
25 silly packumentCache full:https://registry.npmjs.org/@emotion%2fstyled set size:undefined disposed:false
26 silly fetch manifest @mui/icons-material@^5.16.14
27 silly packumentCache full:https://registry.npmjs.org/@mui%2ficons-material cache-miss
28 http fetch GET 200 https://registry.npmjs.org/@mui%2ficons-material 222ms (cache updated)
29 silly packumentCache full:https://registry.npmjs.org/@mui%2ficons-material set size:undefined disposed:false
30 silly fetch manifest @mui/material@^5.16.14
31 silly packumentCache full:https://registry.npmjs.org/@mui%2fmaterial cache-miss
32 http fetch GET 200 https://registry.npmjs.org/@mui%2fmaterial 971ms (cache updated)
33 silly packumentCache full:https://registry.npmjs.org/@mui%2fmaterial set size:undefined disposed:false
34 silly fetch manifest @types/react@^17.0.0 || ^18.0.0 || ^19.0.0
35 silly packumentCache full:https://registry.npmjs.org/@types%2freact cache-miss
36 http fetch GET 200 https://registry.npmjs.org/@types%2freact 240ms (cache updated)
37 silly packumentCache full:https://registry.npmjs.org/@types%2freact set size:undefined disposed:false
38 silly fetch manifest react-dom@^17.0.0 || ^18.0.0 || ^19.0.0
39 silly packumentCache full:https://registry.npmjs.org/react-dom cache-miss
40 http fetch GET 200 https://registry.npmjs.org/react-dom 369ms (cache updated)
41 silly packumentCache full:https://registry.npmjs.org/react-dom set size:undefined disposed:false
42 silly fetch manifest axios@^1.7.9
43 silly packumentCache full:https://registry.npmjs.org/axios cache-miss
44 http fetch GET 200 https://registry.npmjs.org/axios 137ms (cache updated)
45 silly packumentCache full:https://registry.npmjs.org/axios set size:undefined disposed:false
46 silly fetch manifest cors@^2.8.5
47 silly packumentCache full:https://registry.npmjs.org/cors cache-miss
48 http fetch GET 200 https://registry.npmjs.org/cors 92ms (cache miss)
49 silly packumentCache full:https://registry.npmjs.org/cors set size:undefined disposed:false
50 silly fetch manifest react-router-dom@^7.2.0
51 silly packumentCache full:https://registry.npmjs.org/react-router-dom cache-miss
52 http fetch GET 200 https://registry.npmjs.org/react-router-dom 161ms (cache updated)
53 silly packumentCache full:https://registry.npmjs.org/react-router-dom set size:undefined disposed:false
54 silly fetch manifest react@>=18
55 silly packumentCache full:https://registry.npmjs.org/react cache-miss
56 http cache https://registry.npmjs.org/react 203ms (cache hit)
57 silly packumentCache full:https://registry.npmjs.org/react set size:5495609 disposed:false
58 silly fetch manifest react-dom@>=18
59 silly packumentCache full:https://registry.npmjs.org/react-dom cache-miss
60 http cache https://registry.npmjs.org/react-dom 98ms (cache hit)
61 silly packumentCache full:https://registry.npmjs.org/react-dom set size:6891398 disposed:false
62 silly placeDep ROOT @emotion/react@11.14.0 OK for:  want: ^11.14.0
63 silly placeDep ROOT react@19.0.0 OK for: @emotion/react@11.14.0 want: >=16.8.0
64 silly placeDep ROOT @emotion/styled@11.14.0 OK for:  want: ^11.14.0
65 silly placeDep ROOT @mui/icons-material@5.16.14 OK for:  want: ^5.16.14
66 silly placeDep ROOT @mui/material@5.16.14 OK for: @mui/icons-material@5.16.14 want: ^5.0.0
67 silly placeDep ROOT react-dom@19.0.0 OK for: @mui/material@5.16.14 want: ^17.0.0 || ^18.0.0 || ^19.0.0
68 silly placeDep ROOT axios@1.8.1 OK for:  want: ^1.7.9
69 silly placeDep ROOT cors@2.8.5 OK for:  want: ^2.8.5
70 silly placeDep ROOT react-router-dom@7.3.0 OK for:  want: ^7.2.0
71 silly fetch manifest @babel/runtime@^7.18.3
72 silly packumentCache full:https://registry.npmjs.org/@babel%2fruntime cache-miss
73 http fetch GET 200 https://registry.npmjs.org/@babel%2fruntime 231ms (cache updated)
74 silly packumentCache full:https://registry.npmjs.org/@babel%2fruntime set size:undefined disposed:false
75 silly fetch manifest @emotion/babel-plugin@^11.13.5
76 silly packumentCache full:https://registry.npmjs.org/@emotion%2fbabel-plugin cache-miss
77 http fetch GET 200 https://registry.npmjs.org/@emotion%2fbabel-plugin 255ms (cache updated)
78 silly packumentCache full:https://registry.npmjs.org/@emotion%2fbabel-plugin set size:undefined disposed:false
79 silly fetch manifest @emotion/cache@^11.14.0
80 silly packumentCache full:https://registry.npmjs.org/@emotion%2fcache cache-miss
81 http fetch GET 200 https://registry.npmjs.org/@emotion%2fcache 113ms (cache updated)
82 silly packumentCache full:https://registry.npmjs.org/@emotion%2fcache set size:undefined disposed:false
83 silly fetch manifest @emotion/serialize@^1.3.3
84 silly packumentCache full:https://registry.npmjs.org/@emotion%2fserialize cache-miss
85 http fetch GET 200 https://registry.npmjs.org/@emotion%2fserialize 150ms (cache updated)
86 silly packumentCache full:https://registry.npmjs.org/@emotion%2fserialize set size:undefined disposed:false
87 silly fetch manifest @emotion/use-insertion-effect-with-fallbacks@^1.2.0
88 silly packumentCache full:https://registry.npmjs.org/@emotion%2fuse-insertion-effect-with-fallbacks cache-miss
89 http fetch GET 200 https://registry.npmjs.org/@emotion%2fuse-insertion-effect-with-fallbacks 129ms (cache updated)
90 silly packumentCache full:https://registry.npmjs.org/@emotion%2fuse-insertion-effect-with-fallbacks set size:undefined disposed:false
91 silly fetch manifest @emotion/utils@^1.4.2
92 silly packumentCache full:https://registry.npmjs.org/@emotion%2futils cache-miss
93 http fetch GET 200 https://registry.npmjs.org/@emotion%2futils 112ms (cache updated)
94 silly packumentCache full:https://registry.npmjs.org/@emotion%2futils set size:undefined disposed:false
95 silly fetch manifest @emotion/weak-memoize@^0.4.0
96 silly packumentCache full:https://registry.npmjs.org/@emotion%2fweak-memoize cache-miss
97 http fetch GET 200 https://registry.npmjs.org/@emotion%2fweak-memoize 125ms (cache updated)
98 silly packumentCache full:https://registry.npmjs.org/@emotion%2fweak-memoize set size:undefined disposed:false
99 silly fetch manifest hoist-non-react-statics@^3.3.1
100 silly packumentCache full:https://registry.npmjs.org/hoist-non-react-statics cache-miss
101 http fetch GET 200 https://registry.npmjs.org/hoist-non-react-statics 205ms (cache updated)
102 silly packumentCache full:https://registry.npmjs.org/hoist-non-react-statics set size:undefined disposed:false
103 silly fetch manifest @emotion/is-prop-valid@^1.3.0
104 silly packumentCache full:https://registry.npmjs.org/@emotion%2fis-prop-valid cache-miss
105 http fetch GET 200 https://registry.npmjs.org/@emotion%2fis-prop-valid 1478ms (cache updated)
106 silly packumentCache full:https://registry.npmjs.org/@emotion%2fis-prop-valid set size:undefined disposed:false
107 silly fetch manifest @babel/runtime@^7.23.9
108 silly packumentCache full:https://registry.npmjs.org/@babel%2fruntime cache-miss
109 http cache https://registry.npmjs.org/@babel%2fruntime 193ms (cache hit)
110 silly packumentCache full:https://registry.npmjs.org/@babel%2fruntime set size:2858771 disposed:false
111 silly fetch manifest clsx@^2.1.0
112 silly packumentCache full:https://registry.npmjs.org/clsx cache-miss
113 http fetch GET 200 https://registry.npmjs.org/clsx 156ms (cache updated)
114 silly packumentCache full:https://registry.npmjs.org/clsx set size:undefined disposed:false
115 silly fetch manifest csstype@^3.1.3
116 silly packumentCache full:https://registry.npmjs.org/csstype cache-miss
117 http fetch GET 200 https://registry.npmjs.org/csstype 103ms (cache updated)
118 silly packumentCache full:https://registry.npmjs.org/csstype set size:undefined disposed:false
119 silly fetch manifest react-is@^19.0.0
120 silly packumentCache full:https://registry.npmjs.org/react-is cache-miss
121 http fetch GET 200 https://registry.npmjs.org/react-is 382ms (cache updated)
122 silly packumentCache full:https://registry.npmjs.org/react-is set size:undefined disposed:false
123 silly fetch manifest @mui/types@^7.2.15
124 silly packumentCache full:https://registry.npmjs.org/@mui%2ftypes cache-miss
125 http fetch GET 200 https://registry.npmjs.org/@mui%2ftypes 311ms (cache updated)
126 silly packumentCache full:https://registry.npmjs.org/@mui%2ftypes set size:undefined disposed:false
127 silly fetch manifest @mui/utils@^5.16.14
128 silly packumentCache full:https://registry.npmjs.org/@mui%2futils cache-miss
129 http fetch GET 200 https://registry.npmjs.org/@mui%2futils 424ms (cache updated)
130 silly packumentCache full:https://registry.npmjs.org/@mui%2futils set size:undefined disposed:false
131 silly fetch manifest prop-types@^15.8.1
132 silly packumentCache full:https://registry.npmjs.org/prop-types cache-miss
133 http fetch GET 200 https://registry.npmjs.org/prop-types 108ms (cache updated)
134 silly packumentCache full:https://registry.npmjs.org/prop-types set size:undefined disposed:false
135 silly fetch manifest @mui/system@^5.16.14
136 silly packumentCache full:https://registry.npmjs.org/@mui%2fsystem cache-miss
137 http fetch GET 200 https://registry.npmjs.org/@mui%2fsystem 190ms (cache updated)
138 silly packumentCache full:https://registry.npmjs.org/@mui%2fsystem set size:undefined disposed:false
139 silly fetch manifest @popperjs/core@^2.11.8
140 silly packumentCache full:https://registry.npmjs.org/@popperjs%2fcore cache-miss
141 http fetch GET 200 https://registry.npmjs.org/@popperjs%2fcore 165ms (cache updated)
142 silly packumentCache full:https://registry.npmjs.org/@popperjs%2fcore set size:undefined disposed:false
143 silly fetch manifest react-transition-group@^4.4.5
144 silly packumentCache full:https://registry.npmjs.org/react-transition-group cache-miss
145 http fetch GET 200 https://registry.npmjs.org/react-transition-group 198ms (cache updated)
146 silly packumentCache full:https://registry.npmjs.org/react-transition-group set size:undefined disposed:false
147 silly fetch manifest @mui/core-downloads-tracker@^5.16.14
148 silly packumentCache full:https://registry.npmjs.org/@mui%2fcore-downloads-tracker cache-miss
149 http fetch GET 200 https://registry.npmjs.org/@mui%2fcore-downloads-tracker 1084ms (cache updated)
150 silly packumentCache full:https://registry.npmjs.org/@mui%2fcore-downloads-tracker set size:undefined disposed:false
151 silly fetch manifest @types/react-transition-group@^4.4.10
152 silly packumentCache full:https://registry.npmjs.org/@types%2freact-transition-group cache-miss
153 http fetch GET 200 https://registry.npmjs.org/@types%2freact-transition-group 205ms (cache updated)
154 silly packumentCache full:https://registry.npmjs.org/@types%2freact-transition-group set size:undefined disposed:false
155 silly fetch manifest scheduler@^0.25.0
156 silly packumentCache full:https://registry.npmjs.org/scheduler cache-miss
157 http fetch GET 200 https://registry.npmjs.org/scheduler 770ms (cache updated)
158 silly packumentCache full:https://registry.npmjs.org/scheduler set size:undefined disposed:false
159 silly fetch manifest follow-redirects@^1.15.6
160 silly packumentCache full:https://registry.npmjs.org/follow-redirects cache-miss
161 http fetch GET 200 https://registry.npmjs.org/follow-redirects 174ms (cache updated)
162 silly packumentCache full:https://registry.npmjs.org/follow-redirects set size:undefined disposed:false
163 silly fetch manifest form-data@^4.0.0
164 silly packumentCache full:https://registry.npmjs.org/form-data cache-miss
165 http fetch GET 200 https://registry.npmjs.org/form-data 138ms (cache updated)
166 silly packumentCache full:https://registry.npmjs.org/form-data set size:undefined disposed:false
167 silly fetch manifest proxy-from-env@^1.1.0
168 silly packumentCache full:https://registry.npmjs.org/proxy-from-env cache-miss
169 http fetch GET 200 https://registry.npmjs.org/proxy-from-env 86ms (cache updated)
170 silly packumentCache full:https://registry.npmjs.org/proxy-from-env set size:undefined disposed:false
171 silly fetch manifest vary@^1
172 silly packumentCache full:https://registry.npmjs.org/vary cache-miss
173 http fetch GET 200 https://registry.npmjs.org/vary 104ms (cache updated)
174 silly packumentCache full:https://registry.npmjs.org/vary set size:undefined disposed:false
175 silly fetch manifest object-assign@^4
176 silly packumentCache full:https://registry.npmjs.org/object-assign cache-miss
177 http fetch GET 200 https://registry.npmjs.org/object-assign 102ms (cache updated)
178 silly packumentCache full:https://registry.npmjs.org/object-assign set size:undefined disposed:false
179 silly fetch manifest react-router@7.3.0
180 silly packumentCache full:https://registry.npmjs.org/react-router cache-miss
181 http fetch GET 200 https://registry.npmjs.org/react-router 263ms (cache updated)
182 silly packumentCache full:https://registry.npmjs.org/react-router set size:undefined disposed:false
183 silly placeDep ROOT @babel/runtime@7.26.9 OK for: @emotion/react@11.14.0 want: ^7.18.3
184 silly placeDep ROOT @emotion/babel-plugin@11.13.5 OK for: @emotion/react@11.14.0 want: ^11.13.5
185 silly placeDep ROOT @emotion/cache@11.14.0 OK for: @emotion/react@11.14.0 want: ^11.14.0
186 silly placeDep ROOT @emotion/serialize@1.3.3 OK for: @emotion/react@11.14.0 want: ^1.3.3
187 silly placeDep ROOT @emotion/use-insertion-effect-with-fallbacks@1.2.0 OK for: @emotion/react@11.14.0 want: ^1.2.0
188 silly placeDep ROOT @emotion/utils@1.4.2 OK for: @emotion/react@11.14.0 want: ^1.4.2
189 silly placeDep ROOT @emotion/weak-memoize@0.4.0 OK for: @emotion/react@11.14.0 want: ^0.4.0
190 silly placeDep ROOT hoist-non-react-statics@3.3.2 OK for: @emotion/react@11.14.0 want: ^3.3.1
191 silly fetch manifest regenerator-runtime@^0.14.0
192 silly packumentCache full:https://registry.npmjs.org/regenerator-runtime cache-miss
193 http fetch GET 200 https://registry.npmjs.org/regenerator-runtime 98ms (cache updated)
194 silly packumentCache full:https://registry.npmjs.org/regenerator-runtime set size:undefined disposed:false
195 silly fetch manifest @babel/helper-module-imports@^7.16.7
196 silly packumentCache full:https://registry.npmjs.org/@babel%2fhelper-module-imports cache-miss
197 http fetch GET 200 https://registry.npmjs.org/@babel%2fhelper-module-imports 163ms (cache updated)
198 silly packumentCache full:https://registry.npmjs.org/@babel%2fhelper-module-imports set size:undefined disposed:false
199 silly fetch manifest @emotion/hash@^0.9.2
200 silly packumentCache full:https://registry.npmjs.org/@emotion%2fhash cache-miss
201 http fetch GET 200 https://registry.npmjs.org/@emotion%2fhash 132ms (cache updated)
202 silly packumentCache full:https://registry.npmjs.org/@emotion%2fhash set size:undefined disposed:false
203 silly fetch manifest @emotion/memoize@^0.9.0
204 silly packumentCache full:https://registry.npmjs.org/@emotion%2fmemoize cache-miss
205 http fetch GET 200 https://registry.npmjs.org/@emotion%2fmemoize 111ms (cache updated)
206 silly packumentCache full:https://registry.npmjs.org/@emotion%2fmemoize set size:undefined disposed:false
207 silly fetch manifest babel-plugin-macros@^3.1.0
208 silly packumentCache full:https://registry.npmjs.org/babel-plugin-macros cache-miss
209 http fetch GET 200 https://registry.npmjs.org/babel-plugin-macros 90ms (cache updated)
210 silly packumentCache full:https://registry.npmjs.org/babel-plugin-macros set size:undefined disposed:false
211 silly fetch manifest convert-source-map@^1.5.0
212 silly packumentCache full:https://registry.npmjs.org/convert-source-map cache-miss
213 http fetch GET 200 https://registry.npmjs.org/convert-source-map 136ms (cache updated)
214 silly packumentCache full:https://registry.npmjs.org/convert-source-map set size:undefined disposed:false
215 silly fetch manifest escape-string-regexp@^4.0.0
216 silly packumentCache full:https://registry.npmjs.org/escape-string-regexp cache-miss
217 http fetch GET 200 https://registry.npmjs.org/escape-string-regexp 85ms (cache updated)
218 silly packumentCache full:https://registry.npmjs.org/escape-string-regexp set size:undefined disposed:false
219 silly fetch manifest find-root@^1.1.0
220 silly packumentCache full:https://registry.npmjs.org/find-root cache-miss
221 http fetch GET 200 https://registry.npmjs.org/find-root 175ms (cache updated)
222 silly packumentCache full:https://registry.npmjs.org/find-root set size:undefined disposed:false
223 silly fetch manifest source-map@^0.5.7
224 silly packumentCache full:https://registry.npmjs.org/source-map cache-miss
225 http fetch GET 200 https://registry.npmjs.org/source-map 215ms (cache updated)
226 silly packumentCache full:https://registry.npmjs.org/source-map set size:undefined disposed:false
227 silly fetch manifest stylis@4.2.0
228 silly packumentCache full:https://registry.npmjs.org/stylis cache-miss
229 http fetch GET 200 https://registry.npmjs.org/stylis 105ms (cache updated)
230 silly packumentCache full:https://registry.npmjs.org/stylis set size:undefined disposed:false
231 silly fetch manifest @emotion/sheet@^1.4.0
232 silly packumentCache full:https://registry.npmjs.org/@emotion%2fsheet cache-miss
233 http fetch GET 200 https://registry.npmjs.org/@emotion%2fsheet 864ms (cache updated)
234 silly packumentCache full:https://registry.npmjs.org/@emotion%2fsheet set size:undefined disposed:false
235 silly fetch manifest @emotion/unitless@^0.10.0
236 silly packumentCache full:https://registry.npmjs.org/@emotion%2funitless cache-miss
237 http fetch GET 200 https://registry.npmjs.org/@emotion%2funitless 162ms (cache updated)
238 silly packumentCache full:https://registry.npmjs.org/@emotion%2funitless set size:undefined disposed:false
239 silly fetch manifest csstype@^3.0.2
240 silly packumentCache full:https://registry.npmjs.org/csstype cache-miss
241 http cache https://registry.npmjs.org/csstype 21ms (cache hit)
242 silly packumentCache full:https://registry.npmjs.org/csstype set size:371760 disposed:false
243 silly fetch manifest react-is@^16.7.0
244 silly packumentCache full:https://registry.npmjs.org/react-is cache-miss
245 http cache https://registry.npmjs.org/react-is 46ms (cache hit)
246 silly packumentCache full:https://registry.npmjs.org/react-is set size:4479022 disposed:false
247 silly placeDep ROOT regenerator-runtime@0.14.1 OK for: @babel/runtime@7.26.9 want: ^0.14.0
248 silly placeDep ROOT @babel/helper-module-imports@7.25.9 OK for: @emotion/babel-plugin@11.13.5 want: ^7.16.7
249 silly placeDep ROOT @emotion/hash@0.9.2 OK for: @emotion/babel-plugin@11.13.5 want: ^0.9.2
250 silly placeDep ROOT @emotion/memoize@0.9.0 OK for: @emotion/babel-plugin@11.13.5 want: ^0.9.0
251 silly placeDep ROOT babel-plugin-macros@3.1.0 OK for: @emotion/babel-plugin@11.13.5 want: ^3.1.0
252 silly placeDep ROOT convert-source-map@1.9.0 OK for: @emotion/babel-plugin@11.13.5 want: ^1.5.0
253 silly placeDep ROOT escape-string-regexp@4.0.0 OK for: @emotion/babel-plugin@11.13.5 want: ^4.0.0
254 silly placeDep ROOT find-root@1.1.0 OK for: @emotion/babel-plugin@11.13.5 want: ^1.1.0
255 silly placeDep ROOT source-map@0.5.7 OK for: @emotion/babel-plugin@11.13.5 want: ^0.5.7
256 silly placeDep ROOT stylis@4.2.0 OK for: @emotion/babel-plugin@11.13.5 want: 4.2.0
257 silly fetch manifest @babel/types@^7.25.9
258 silly packumentCache full:https://registry.npmjs.org/@babel%2ftypes cache-miss
259 http fetch GET 200 https://registry.npmjs.org/@babel%2ftypes 190ms (cache updated)
260 silly packumentCache full:https://registry.npmjs.org/@babel%2ftypes set size:undefined disposed:false
261 silly fetch manifest @babel/traverse@^7.25.9
262 silly packumentCache full:https://registry.npmjs.org/@babel%2ftraverse cache-miss
263 http fetch GET 200 https://registry.npmjs.org/@babel%2ftraverse 162ms (cache updated)
264 silly packumentCache full:https://registry.npmjs.org/@babel%2ftraverse set size:undefined disposed:false
265 silly fetch manifest cosmiconfig@^7.0.0
266 silly packumentCache full:https://registry.npmjs.org/cosmiconfig cache-miss
267 http fetch GET 200 https://registry.npmjs.org/cosmiconfig 131ms (cache updated)
268 silly packumentCache full:https://registry.npmjs.org/cosmiconfig set size:undefined disposed:false
269 silly fetch manifest resolve@^1.19.0
270 silly packumentCache full:https://registry.npmjs.org/resolve cache-miss
271 http fetch GET 200 https://registry.npmjs.org/resolve 95ms (cache updated)
272 silly packumentCache full:https://registry.npmjs.org/resolve set size:undefined disposed:false
273 silly placeDep ROOT @babel/traverse@7.26.9 OK for: @babel/helper-module-imports@7.25.9 want: ^7.25.9
274 silly placeDep ROOT @babel/types@7.26.9 OK for: @babel/helper-module-imports@7.25.9 want: ^7.25.9
275 silly fetch manifest debug@^4.3.1
276 silly packumentCache full:https://registry.npmjs.org/debug cache-miss
277 http fetch GET 200 https://registry.npmjs.org/debug 110ms (cache updated)
278 silly packumentCache full:https://registry.npmjs.org/debug set size:undefined disposed:false
279 silly fetch manifest globals@^11.1.0
280 silly packumentCache full:https://registry.npmjs.org/globals cache-miss
281 http fetch GET 200 https://registry.npmjs.org/globals 90ms (cache updated)
282 silly packumentCache full:https://registry.npmjs.org/globals set size:undefined disposed:false
283 silly fetch manifest @babel/types@^7.26.9
284 silly packumentCache full:https://registry.npmjs.org/@babel%2ftypes cache-miss
285 http cache https://registry.npmjs.org/@babel%2ftypes 16ms (cache hit)
286 silly packumentCache full:https://registry.npmjs.org/@babel%2ftypes set size:444872 disposed:false
287 silly fetch manifest @babel/parser@^7.26.9
288 silly packumentCache full:https://registry.npmjs.org/@babel%2fparser cache-miss
289 http fetch GET 200 https://registry.npmjs.org/@babel%2fparser 224ms (cache updated)
290 silly packumentCache full:https://registry.npmjs.org/@babel%2fparser set size:undefined disposed:false
291 silly fetch manifest @babel/template@^7.26.9
292 silly packumentCache full:https://registry.npmjs.org/@babel%2ftemplate cache-miss
293 http fetch GET 200 https://registry.npmjs.org/@babel%2ftemplate 127ms (cache updated)
294 silly packumentCache full:https://registry.npmjs.org/@babel%2ftemplate set size:undefined disposed:false
295 silly fetch manifest @babel/generator@^7.26.9
296 silly packumentCache full:https://registry.npmjs.org/@babel%2fgenerator cache-miss
297 http fetch GET 200 https://registry.npmjs.org/@babel%2fgenerator 134ms (cache updated)
298 silly packumentCache full:https://registry.npmjs.org/@babel%2fgenerator set size:undefined disposed:false
299 silly fetch manifest @babel/code-frame@^7.26.2
300 silly packumentCache full:https://registry.npmjs.org/@babel%2fcode-frame cache-miss
301 http fetch GET 200 https://registry.npmjs.org/@babel%2fcode-frame 114ms (cache updated)
302 silly packumentCache full:https://registry.npmjs.org/@babel%2fcode-frame set size:undefined disposed:false
303 silly fetch manifest @babel/helper-string-parser@^7.25.9
304 silly packumentCache full:https://registry.npmjs.org/@babel%2fhelper-string-parser cache-miss
305 http fetch GET 200 https://registry.npmjs.org/@babel%2fhelper-string-parser 152ms (cache updated)
306 silly packumentCache full:https://registry.npmjs.org/@babel%2fhelper-string-parser set size:undefined disposed:false
307 silly fetch manifest @babel/helper-validator-identifier@^7.25.9
308 silly packumentCache full:https://registry.npmjs.org/@babel%2fhelper-validator-identifier cache-miss
309 http fetch GET 200 https://registry.npmjs.org/@babel%2fhelper-validator-identifier 169ms (cache updated)
310 silly packumentCache full:https://registry.npmjs.org/@babel%2fhelper-validator-identifier set size:undefined disposed:false
311 silly placeDep ROOT @babel/code-frame@7.26.2 OK for: @babel/traverse@7.26.9 want: ^7.26.2
312 silly placeDep ROOT @babel/generator@7.26.9 OK for: @babel/traverse@7.26.9 want: ^7.26.9
313 silly placeDep ROOT @babel/parser@7.26.9 OK for: @babel/traverse@7.26.9 want: ^7.26.9
314 silly placeDep ROOT @babel/template@7.26.9 OK for: @babel/traverse@7.26.9 want: ^7.26.9
315 silly placeDep ROOT debug@4.4.0 OK for: @babel/traverse@7.26.9 want: ^4.3.1
316 silly placeDep ROOT globals@11.12.0 OK for: @babel/traverse@7.26.9 want: ^11.1.0
317 silly fetch manifest js-tokens@^4.0.0
318 silly packumentCache full:https://registry.npmjs.org/js-tokens cache-miss
319 http fetch GET 200 https://registry.npmjs.org/js-tokens 285ms (cache updated)
320 silly packumentCache full:https://registry.npmjs.org/js-tokens set size:undefined disposed:false
321 silly fetch manifest picocolors@^1.0.0
322 silly packumentCache full:https://registry.npmjs.org/picocolors cache-miss
323 http fetch GET 200 https://registry.npmjs.org/picocolors 119ms (cache updated)
324 silly packumentCache full:https://registry.npmjs.org/picocolors set size:undefined disposed:false
325 silly fetch manifest jsesc@^3.0.2
326 silly packumentCache full:https://registry.npmjs.org/jsesc cache-miss
327 http fetch GET 200 https://registry.npmjs.org/jsesc 100ms (cache updated)
328 silly packumentCache full:https://registry.npmjs.org/jsesc set size:undefined disposed:false
329 silly fetch manifest @jridgewell/gen-mapping@^0.3.5
330 silly packumentCache full:https://registry.npmjs.org/@jridgewell%2fgen-mapping cache-miss
331 http fetch GET 200 https://registry.npmjs.org/@jridgewell%2fgen-mapping 110ms (cache updated)
332 silly packumentCache full:https://registry.npmjs.org/@jridgewell%2fgen-mapping set size:undefined disposed:false
333 silly fetch manifest @jridgewell/trace-mapping@^0.3.25
334 silly packumentCache full:https://registry.npmjs.org/@jridgewell%2ftrace-mapping cache-miss
335 http fetch GET 200 https://registry.npmjs.org/@jridgewell%2ftrace-mapping 142ms (cache updated)
336 silly packumentCache full:https://registry.npmjs.org/@jridgewell%2ftrace-mapping set size:undefined disposed:false
337 silly fetch manifest ms@^2.1.3
338 silly packumentCache full:https://registry.npmjs.org/ms cache-miss
339 http fetch GET 200 https://registry.npmjs.org/ms 120ms (cache updated)
340 silly packumentCache full:https://registry.npmjs.org/ms set size:undefined disposed:false
341 silly placeDep ROOT @babel/helper-validator-identifier@7.25.9 OK for: @babel/code-frame@7.26.2 want: ^7.25.9
342 silly placeDep ROOT js-tokens@4.0.0 OK for: @babel/code-frame@7.26.2 want: ^4.0.0
343 silly placeDep ROOT picocolors@1.1.1 OK for: @babel/code-frame@7.26.2 want: ^1.0.0
344 silly placeDep ROOT @jridgewell/gen-mapping@0.3.8 OK for: @babel/generator@7.26.9 want: ^0.3.5
345 silly placeDep ROOT @jridgewell/trace-mapping@0.3.25 OK for: @babel/generator@7.26.9 want: ^0.3.25
346 silly placeDep ROOT jsesc@3.1.0 OK for: @babel/generator@7.26.9 want: ^3.0.2
347 silly fetch manifest @jridgewell/set-array@^1.2.1
348 silly packumentCache full:https://registry.npmjs.org/@jridgewell%2fset-array cache-miss
349 http fetch GET 200 https://registry.npmjs.org/@jridgewell%2fset-array 136ms (cache updated)
350 silly packumentCache full:https://registry.npmjs.org/@jridgewell%2fset-array set size:undefined disposed:false
351 silly fetch manifest @jridgewell/sourcemap-codec@^1.4.10
352 silly packumentCache full:https://registry.npmjs.org/@jridgewell%2fsourcemap-codec cache-miss
353 http fetch GET 200 https://registry.npmjs.org/@jridgewell%2fsourcemap-codec 113ms (cache updated)
354 silly packumentCache full:https://registry.npmjs.org/@jridgewell%2fsourcemap-codec set size:undefined disposed:false
355 silly fetch manifest @jridgewell/trace-mapping@^0.3.24
356 silly packumentCache full:https://registry.npmjs.org/@jridgewell%2ftrace-mapping cache-miss
357 http cache https://registry.npmjs.org/@jridgewell%2ftrace-mapping 15ms (cache hit)
358 silly packumentCache full:https://registry.npmjs.org/@jridgewell%2ftrace-mapping set size:146917 disposed:false
359 silly fetch manifest @jridgewell/resolve-uri@^3.1.0
360 silly packumentCache full:https://registry.npmjs.org/@jridgewell%2fresolve-uri cache-miss
361 http fetch GET 200 https://registry.npmjs.org/@jridgewell%2fresolve-uri 122ms (cache updated)
362 silly packumentCache full:https://registry.npmjs.org/@jridgewell%2fresolve-uri set size:undefined disposed:false
363 silly fetch manifest @jridgewell/sourcemap-codec@^1.4.14
364 silly packumentCache full:https://registry.npmjs.org/@jridgewell%2fsourcemap-codec cache-miss
365 http cache https://registry.npmjs.org/@jridgewell%2fsourcemap-codec 19ms (cache hit)
366 silly packumentCache full:https://registry.npmjs.org/@jridgewell%2fsourcemap-codec set size:54548 disposed:false
367 silly placeDep ROOT @babel/helper-string-parser@7.25.9 OK for: @babel/types@7.26.9 want: ^7.25.9
368 silly placeDep ROOT @emotion/sheet@1.4.0 OK for: @emotion/cache@11.14.0 want: ^1.4.0
369 silly placeDep ROOT @emotion/unitless@0.10.0 OK for: @emotion/serialize@1.3.3 want: ^0.10.0
370 silly placeDep ROOT csstype@3.1.3 OK for: @emotion/serialize@1.3.3 want: ^3.0.2
371 silly placeDep ROOT @emotion/is-prop-valid@1.3.1 OK for: @emotion/styled@11.14.0 want: ^1.3.0
372 silly placeDep ROOT @jridgewell/set-array@1.2.1 OK for: @jridgewell/gen-mapping@0.3.8 want: ^1.2.1
373 silly placeDep ROOT @jridgewell/sourcemap-codec@1.5.0 OK for: @jridgewell/gen-mapping@0.3.8 want: ^1.4.10
374 silly placeDep ROOT @jridgewell/resolve-uri@3.1.2 OK for: @jridgewell/trace-mapping@0.3.25 want: ^3.1.0
375 silly fetch manifest react@^17.0.0 || ^18.0.0 || ^19.0.0
376 silly packumentCache full:https://registry.npmjs.org/react cache-miss
377 http cache https://registry.npmjs.org/react 45ms (cache hit)
378 silly packumentCache full:https://registry.npmjs.org/react set size:5495609 disposed:false
379 silly fetch manifest @emotion/react@^11.5.0
380 silly packumentCache full:https://registry.npmjs.org/@emotion%2freact cache-miss
381 http cache https://registry.npmjs.org/@emotion%2freact 49ms (cache hit)
382 silly packumentCache full:https://registry.npmjs.org/@emotion%2freact set size:196548 disposed:false
383 silly fetch manifest @emotion/styled@^11.3.0
384 silly packumentCache full:https://registry.npmjs.org/@emotion%2fstyled cache-miss
385 http cache https://registry.npmjs.org/@emotion%2fstyled 16ms (cache hit)
386 silly packumentCache full:https://registry.npmjs.org/@emotion%2fstyled set size:279403 disposed:false
387 silly placeDep ROOT @mui/core-downloads-tracker@5.16.14 OK for: @mui/material@5.16.14 want: ^5.16.14
388 silly placeDep ROOT @mui/system@5.16.14 OK for: @mui/material@5.16.14 want: ^5.16.14
389 silly placeDep ROOT @mui/types@7.2.21 OK for: @mui/material@5.16.14 want: ^7.2.15
390 silly placeDep ROOT @mui/utils@5.16.14 OK for: @mui/material@5.16.14 want: ^5.16.14
391 silly placeDep ROOT @popperjs/core@2.11.8 OK for: @mui/material@5.16.14 want: ^2.11.8
392 silly placeDep ROOT @types/react-transition-group@4.4.12 OK for: @mui/material@5.16.14 want: ^4.4.10
393 silly placeDep ROOT @types/react@19.0.10 OK for: @types/react-transition-group@4.4.12 want: *
394 silly placeDep ROOT clsx@2.1.1 OK for: @mui/material@5.16.14 want: ^2.1.0
395 silly placeDep ROOT prop-types@15.8.1 OK for: @mui/material@5.16.14 want: ^15.8.1
396 silly placeDep ROOT react-is@19.0.0 OK for: @mui/material@5.16.14 want: ^19.0.0
397 silly placeDep ROOT react-transition-group@4.4.5 OK for: @mui/material@5.16.14 want: ^4.4.5
398 silly fetch manifest @mui/styled-engine@^5.16.14
399 silly packumentCache full:https://registry.npmjs.org/@mui%2fstyled-engine cache-miss
400 http fetch GET 200 https://registry.npmjs.org/@mui%2fstyled-engine 353ms (cache updated)
401 silly packumentCache full:https://registry.npmjs.org/@mui%2fstyled-engine set size:undefined disposed:false
402 silly fetch manifest @mui/private-theming@^5.16.14
403 silly packumentCache full:https://registry.npmjs.org/@mui%2fprivate-theming cache-miss
404 http fetch GET 200 https://registry.npmjs.org/@mui%2fprivate-theming 327ms (cache updated)
405 silly packumentCache full:https://registry.npmjs.org/@mui%2fprivate-theming set size:undefined disposed:false
406 silly fetch manifest clsx@^2.1.1
407 silly packumentCache full:https://registry.npmjs.org/clsx cache-miss
408 http cache https://registry.npmjs.org/clsx 18ms (cache hit)
409 silly packumentCache full:https://registry.npmjs.org/clsx set size:42489 disposed:false
410 silly fetch manifest @types/prop-types@^15.7.12
411 silly packumentCache full:https://registry.npmjs.org/@types%2fprop-types cache-miss
412 http fetch GET 200 https://registry.npmjs.org/@types%2fprop-types 119ms (cache updated)
413 silly packumentCache full:https://registry.npmjs.org/@types%2fprop-types set size:undefined disposed:false
414 silly fetch manifest loose-envify@^1.4.0
415 silly packumentCache full:https://registry.npmjs.org/loose-envify cache-miss
416 http fetch GET 200 https://registry.npmjs.org/loose-envify 87ms (cache updated)
417 silly packumentCache full:https://registry.npmjs.org/loose-envify set size:undefined disposed:false
418 silly fetch manifest object-assign@^4.1.1
419 silly packumentCache full:https://registry.npmjs.org/object-assign cache-miss
420 http cache https://registry.npmjs.org/object-assign 25ms (cache hit)
421 silly packumentCache full:https://registry.npmjs.org/object-assign set size:28988 disposed:false
422 silly fetch manifest react-is@^16.13.1
423 silly packumentCache full:https://registry.npmjs.org/react-is cache-miss
424 http cache https://registry.npmjs.org/react-is 47ms (cache hit)
425 silly packumentCache full:https://registry.npmjs.org/react-is set size:4479022 disposed:false
426 silly fetch manifest dom-helpers@^5.0.1
427 silly packumentCache full:https://registry.npmjs.org/dom-helpers cache-miss
428 http fetch GET 200 https://registry.npmjs.org/dom-helpers 160ms (cache updated)
429 silly packumentCache full:https://registry.npmjs.org/dom-helpers set size:undefined disposed:false
430 silly placeDep ROOT @mui/private-theming@5.16.14 OK for: @mui/system@5.16.14 want: ^5.16.14
431 silly placeDep ROOT @mui/styled-engine@5.16.14 OK for: @mui/system@5.16.14 want: ^5.16.14
432 silly placeDep ROOT @types/prop-types@15.7.14 OK for: @mui/utils@5.16.14 want: ^15.7.12
433 silly placeDep ROOT follow-redirects@1.15.9 OK for: axios@1.8.1 want: ^1.15.6
434 silly placeDep ROOT form-data@4.0.2 OK for: axios@1.8.1 want: ^4.0.0
435 silly placeDep ROOT proxy-from-env@1.1.0 OK for: axios@1.8.1 want: ^1.1.0
436 silly fetch manifest asynckit@^0.4.0
437 silly packumentCache full:https://registry.npmjs.org/asynckit cache-miss
438 http fetch GET 200 https://registry.npmjs.org/asynckit 93ms (cache updated)
439 silly packumentCache full:https://registry.npmjs.org/asynckit set size:undefined disposed:false
440 silly fetch manifest combined-stream@^1.0.8
441 silly packumentCache full:https://registry.npmjs.org/combined-stream cache-miss
442 http fetch GET 200 https://registry.npmjs.org/combined-stream 134ms (cache updated)
443 silly packumentCache full:https://registry.npmjs.org/combined-stream set size:undefined disposed:false
444 silly fetch manifest es-set-tostringtag@^2.1.0
445 silly packumentCache full:https://registry.npmjs.org/es-set-tostringtag cache-miss
446 http fetch GET 200 https://registry.npmjs.org/es-set-tostringtag 100ms (cache updated)
447 silly packumentCache full:https://registry.npmjs.org/es-set-tostringtag set size:undefined disposed:false
448 silly fetch manifest mime-types@^2.1.12
449 silly packumentCache full:https://registry.npmjs.org/mime-types cache-miss
450 http fetch GET 200 https://registry.npmjs.org/mime-types 92ms (cache updated)
451 silly packumentCache full:https://registry.npmjs.org/mime-types set size:undefined disposed:false
452 silly placeDep ROOT cosmiconfig@7.1.0 OK for: babel-plugin-macros@3.1.0 want: ^7.0.0
453 silly placeDep ROOT resolve@1.22.10 OK for: babel-plugin-macros@3.1.0 want: ^1.19.0
454 silly fetch manifest @types/parse-json@^4.0.0
455 silly packumentCache full:https://registry.npmjs.org/@types%2fparse-json cache-miss
456 http fetch GET 200 https://registry.npmjs.org/@types%2fparse-json 160ms (cache updated)
457 silly packumentCache full:https://registry.npmjs.org/@types%2fparse-json set size:undefined disposed:false
458 silly fetch manifest import-fresh@^3.2.1
459 silly packumentCache full:https://registry.npmjs.org/import-fresh cache-miss
460 http fetch GET 200 https://registry.npmjs.org/import-fresh 98ms (cache updated)
461 silly packumentCache full:https://registry.npmjs.org/import-fresh set size:undefined disposed:false
462 silly fetch manifest parse-json@^5.0.0
463 silly packumentCache full:https://registry.npmjs.org/parse-json cache-miss
464 http fetch GET 200 https://registry.npmjs.org/parse-json 104ms (cache updated)
465 silly packumentCache full:https://registry.npmjs.org/parse-json set size:undefined disposed:false
466 silly fetch manifest path-type@^4.0.0
467 silly packumentCache full:https://registry.npmjs.org/path-type cache-miss
468 http fetch GET 200 https://registry.npmjs.org/path-type 94ms (cache updated)
469 silly packumentCache full:https://registry.npmjs.org/path-type set size:undefined disposed:false
470 silly fetch manifest yaml@^1.10.0
471 silly packumentCache full:https://registry.npmjs.org/yaml cache-miss
472 http fetch GET 200 https://registry.npmjs.org/yaml 98ms (cache updated)
473 silly packumentCache full:https://registry.npmjs.org/yaml set size:undefined disposed:false
474 silly fetch manifest is-core-module@^2.16.0
475 silly packumentCache full:https://registry.npmjs.org/is-core-module cache-miss
476 http fetch GET 200 https://registry.npmjs.org/is-core-module 125ms (cache updated)
477 silly packumentCache full:https://registry.npmjs.org/is-core-module set size:undefined disposed:false
478 silly fetch manifest path-parse@^1.0.7
479 silly packumentCache full:https://registry.npmjs.org/path-parse cache-miss
480 http fetch GET 200 https://registry.npmjs.org/path-parse 97ms (cache updated)
481 silly packumentCache full:https://registry.npmjs.org/path-parse set size:undefined disposed:false
482 silly fetch manifest supports-preserve-symlinks-flag@^1.0.0
483 silly packumentCache full:https://registry.npmjs.org/supports-preserve-symlinks-flag cache-miss
484 http fetch GET 200 https://registry.npmjs.org/supports-preserve-symlinks-flag 94ms (cache updated)
485 silly packumentCache full:https://registry.npmjs.org/supports-preserve-symlinks-flag set size:undefined disposed:false
486 silly placeDep ROOT object-assign@4.1.1 OK for: cors@2.8.5 want: ^4
487 silly placeDep ROOT vary@1.1.2 OK for: cors@2.8.5 want: ^1
488 silly placeDep ROOT @types/parse-json@4.0.2 OK for: cosmiconfig@7.1.0 want: ^4.0.0
489 silly placeDep ROOT import-fresh@3.3.1 OK for: cosmiconfig@7.1.0 want: ^3.2.1
490 silly placeDep ROOT parse-json@5.2.0 OK for: cosmiconfig@7.1.0 want: ^5.0.0
491 silly placeDep ROOT path-type@4.0.0 OK for: cosmiconfig@7.1.0 want: ^4.0.0
492 silly placeDep ROOT yaml@1.10.2 OK for: cosmiconfig@7.1.0 want: ^1.10.0
493 silly fetch manifest parent-module@^1.0.0
494 silly packumentCache full:https://registry.npmjs.org/parent-module cache-miss
495 http fetch GET 200 https://registry.npmjs.org/parent-module 94ms (cache updated)
496 silly packumentCache full:https://registry.npmjs.org/parent-module set size:undefined disposed:false
497 silly fetch manifest resolve-from@^4.0.0
498 silly packumentCache full:https://registry.npmjs.org/resolve-from cache-miss
499 http fetch GET 200 https://registry.npmjs.org/resolve-from 106ms (cache updated)
500 silly packumentCache full:https://registry.npmjs.org/resolve-from set size:undefined disposed:false
501 silly fetch manifest error-ex@^1.3.1
502 silly packumentCache full:https://registry.npmjs.org/error-ex cache-miss
503 http fetch GET 200 https://registry.npmjs.org/error-ex 131ms (cache updated)
504 silly packumentCache full:https://registry.npmjs.org/error-ex set size:undefined disposed:false
505 silly fetch manifest json-parse-even-better-errors@^2.3.0
506 silly packumentCache full:https://registry.npmjs.org/json-parse-even-better-errors cache-miss
507 http fetch GET 200 https://registry.npmjs.org/json-parse-even-better-errors 96ms (cache updated)
508 silly packumentCache full:https://registry.npmjs.org/json-parse-even-better-errors set size:undefined disposed:false
509 silly fetch manifest lines-and-columns@^1.1.6
510 silly packumentCache full:https://registry.npmjs.org/lines-and-columns cache-miss
511 http fetch GET 200 https://registry.npmjs.org/lines-and-columns 97ms (cache updated)
512 silly packumentCache full:https://registry.npmjs.org/lines-and-columns set size:undefined disposed:false
513 silly placeDep ROOT ms@2.1.3 OK for: debug@4.4.0 want: ^2.1.3
514 silly placeDep ROOT asynckit@0.4.0 OK for: form-data@4.0.2 want: ^0.4.0
515 silly placeDep ROOT combined-stream@1.0.8 OK for: form-data@4.0.2 want: ^1.0.8
516 silly placeDep ROOT es-set-tostringtag@2.1.0 OK for: form-data@4.0.2 want: ^2.1.0
517 silly placeDep ROOT mime-types@2.1.35 OK for: form-data@4.0.2 want: ^2.1.12
518 silly fetch manifest delayed-stream@~1.0.0
519 silly packumentCache full:https://registry.npmjs.org/delayed-stream cache-miss
520 http fetch GET 200 https://registry.npmjs.org/delayed-stream 134ms (cache updated)
521 silly packumentCache full:https://registry.npmjs.org/delayed-stream set size:undefined disposed:false
522 silly fetch manifest es-errors@^1.3.0
523 silly packumentCache full:https://registry.npmjs.org/es-errors cache-miss
524 http fetch GET 200 https://registry.npmjs.org/es-errors 113ms (cache updated)
525 silly packumentCache full:https://registry.npmjs.org/es-errors set size:undefined disposed:false
526 silly fetch manifest get-intrinsic@^1.2.6
527 silly packumentCache full:https://registry.npmjs.org/get-intrinsic cache-miss
528 http fetch GET 200 https://registry.npmjs.org/get-intrinsic 88ms (cache updated)
529 silly packumentCache full:https://registry.npmjs.org/get-intrinsic set size:undefined disposed:false
530 silly fetch manifest has-tostringtag@^1.0.2
531 silly packumentCache full:https://registry.npmjs.org/has-tostringtag cache-miss
532 http fetch GET 200 https://registry.npmjs.org/has-tostringtag 108ms (cache updated)
533 silly packumentCache full:https://registry.npmjs.org/has-tostringtag set size:undefined disposed:false
534 silly fetch manifest hasown@^2.0.2
535 silly packumentCache full:https://registry.npmjs.org/hasown cache-miss
536 http fetch GET 200 https://registry.npmjs.org/hasown 153ms (cache updated)
537 silly packumentCache full:https://registry.npmjs.org/hasown set size:undefined disposed:false
538 silly fetch manifest mime-db@1.52.0
539 silly packumentCache full:https://registry.npmjs.org/mime-db cache-miss
540 http fetch GET 200 https://registry.npmjs.org/mime-db 104ms (cache updated)
541 silly packumentCache full:https://registry.npmjs.org/mime-db set size:undefined disposed:false
542 silly placeDep ROOT delayed-stream@1.0.0 OK for: combined-stream@1.0.8 want: ~1.0.0
543 silly placeDep ROOT es-errors@1.3.0 OK for: es-set-tostringtag@2.1.0 want: ^1.3.0
544 silly placeDep ROOT get-intrinsic@1.3.0 OK for: es-set-tostringtag@2.1.0 want: ^1.2.6
545 silly placeDep ROOT has-tostringtag@1.0.2 OK for: es-set-tostringtag@2.1.0 want: ^1.0.2
546 silly placeDep ROOT hasown@2.0.2 OK for: es-set-tostringtag@2.1.0 want: ^2.0.2
547 silly fetch manifest call-bind-apply-helpers@^1.0.2
548 silly packumentCache full:https://registry.npmjs.org/call-bind-apply-helpers cache-miss
549 http fetch GET 200 https://registry.npmjs.org/call-bind-apply-helpers 132ms (cache updated)
550 silly packumentCache full:https://registry.npmjs.org/call-bind-apply-helpers set size:undefined disposed:false
551 silly fetch manifest es-define-property@^1.0.1
552 silly packumentCache full:https://registry.npmjs.org/es-define-property cache-miss
553 http fetch GET 200 https://registry.npmjs.org/es-define-property 99ms (cache updated)
554 silly packumentCache full:https://registry.npmjs.org/es-define-property set size:undefined disposed:false
555 silly fetch manifest es-object-atoms@^1.1.1
556 silly packumentCache full:https://registry.npmjs.org/es-object-atoms cache-miss
557 http fetch GET 200 https://registry.npmjs.org/es-object-atoms 85ms (cache updated)
558 silly packumentCache full:https://registry.npmjs.org/es-object-atoms set size:undefined disposed:false
559 silly fetch manifest function-bind@^1.1.2
560 silly packumentCache full:https://registry.npmjs.org/function-bind cache-miss
561 http fetch GET 200 https://registry.npmjs.org/function-bind 126ms (cache updated)
562 silly packumentCache full:https://registry.npmjs.org/function-bind set size:undefined disposed:false
563 silly fetch manifest get-proto@^1.0.1
564 silly packumentCache full:https://registry.npmjs.org/get-proto cache-miss
565 http fetch GET 200 https://registry.npmjs.org/get-proto 103ms (cache updated)
566 silly packumentCache full:https://registry.npmjs.org/get-proto set size:undefined disposed:false
567 silly fetch manifest gopd@^1.2.0
568 silly packumentCache full:https://registry.npmjs.org/gopd cache-miss
569 http fetch GET 200 https://registry.npmjs.org/gopd 146ms (cache updated)
570 silly packumentCache full:https://registry.npmjs.org/gopd set size:undefined disposed:false
571 silly fetch manifest has-symbols@^1.1.0
572 silly packumentCache full:https://registry.npmjs.org/has-symbols cache-miss
573 http fetch GET 200 https://registry.npmjs.org/has-symbols 89ms (cache updated)
574 silly packumentCache full:https://registry.npmjs.org/has-symbols set size:undefined disposed:false
575 silly fetch manifest math-intrinsics@^1.1.0
576 silly packumentCache full:https://registry.npmjs.org/math-intrinsics cache-miss
577 http fetch GET 200 https://registry.npmjs.org/math-intrinsics 187ms (cache updated)
578 silly packumentCache full:https://registry.npmjs.org/math-intrinsics set size:undefined disposed:false
579 silly fetch manifest has-symbols@^1.0.3
580 silly packumentCache full:https://registry.npmjs.org/has-symbols cache-miss
581 http cache https://registry.npmjs.org/has-symbols 16ms (cache hit)
582 silly packumentCache full:https://registry.npmjs.org/has-symbols set size:21550 disposed:false
583 silly placeDep ROOT call-bind-apply-helpers@1.0.2 OK for: get-intrinsic@1.3.0 want: ^1.0.2
584 silly placeDep ROOT es-define-property@1.0.1 OK for: get-intrinsic@1.3.0 want: ^1.0.1
585 silly placeDep ROOT es-object-atoms@1.1.1 OK for: get-intrinsic@1.3.0 want: ^1.1.1
586 silly placeDep ROOT function-bind@1.1.2 OK for: get-intrinsic@1.3.0 want: ^1.1.2
587 silly placeDep ROOT get-proto@1.0.1 OK for: get-intrinsic@1.3.0 want: ^1.0.1
588 silly placeDep ROOT gopd@1.2.0 OK for: get-intrinsic@1.3.0 want: ^1.2.0
589 silly placeDep ROOT has-symbols@1.1.0 OK for: get-intrinsic@1.3.0 want: ^1.1.0
590 silly placeDep ROOT math-intrinsics@1.1.0 OK for: get-intrinsic@1.3.0 want: ^1.1.0
591 silly fetch manifest dunder-proto@^1.0.1
592 silly packumentCache full:https://registry.npmjs.org/dunder-proto cache-miss
593 http fetch GET 200 https://registry.npmjs.org/dunder-proto 129ms (cache updated)
594 silly packumentCache full:https://registry.npmjs.org/dunder-proto set size:undefined disposed:false
595 silly placeDep ROOT dunder-proto@1.0.1 OK for: get-proto@1.0.1 want: ^1.0.1
596 silly placeDep node_modules/hoist-non-react-statics react-is@16.13.1 OK for: hoist-non-react-statics@3.3.2 want: ^16.7.0
597 silly placeDep ROOT parent-module@1.0.1 OK for: import-fresh@3.3.1 want: ^1.0.0
598 silly placeDep ROOT resolve-from@4.0.0 OK for: import-fresh@3.3.1 want: ^4.0.0
599 silly fetch manifest callsites@^3.0.0
600 silly packumentCache full:https://registry.npmjs.org/callsites cache-miss
601 http fetch GET 200 https://registry.npmjs.org/callsites 106ms (cache updated)
602 silly packumentCache full:https://registry.npmjs.org/callsites set size:undefined disposed:false
603 silly placeDep ROOT mime-db@1.52.0 OK for: mime-types@2.1.35 want: 1.52.0
604 silly placeDep ROOT callsites@3.1.0 OK for: parent-module@1.0.1 want: ^3.0.0
605 silly placeDep ROOT error-ex@1.3.2 OK for: parse-json@5.2.0 want: ^1.3.1
606 silly placeDep ROOT json-parse-even-better-errors@2.3.1 OK for: parse-json@5.2.0 want: ^2.3.0
607 silly placeDep ROOT lines-and-columns@1.2.4 OK for: parse-json@5.2.0 want: ^1.1.6
608 silly fetch manifest is-arrayish@^0.2.1
609 silly packumentCache full:https://registry.npmjs.org/is-arrayish cache-miss
610 http fetch GET 200 https://registry.npmjs.org/is-arrayish 102ms (cache updated)
611 silly packumentCache full:https://registry.npmjs.org/is-arrayish set size:undefined disposed:false
612 silly placeDep ROOT is-arrayish@0.2.1 OK for: error-ex@1.3.2 want: ^0.2.1
613 silly placeDep ROOT loose-envify@1.4.0 OK for: prop-types@15.8.1 want: ^1.4.0
614 silly placeDep node_modules/prop-types react-is@16.13.1 OK for: prop-types@15.8.1 want: ^16.13.1
615 silly placeDep ROOT scheduler@0.25.0 OK for: react-dom@19.0.0 want: ^0.25.0
616 silly placeDep ROOT react-router@7.3.0 OK for: react-router-dom@7.3.0 want: 7.3.0
617 silly fetch manifest @types/cookie@^0.6.0
618 silly packumentCache full:https://registry.npmjs.org/@types%2fcookie cache-miss
619 http fetch GET 200 https://registry.npmjs.org/@types%2fcookie 152ms (cache miss)
620 silly packumentCache full:https://registry.npmjs.org/@types%2fcookie set size:undefined disposed:false
621 silly fetch manifest cookie@^1.0.1
622 silly packumentCache full:https://registry.npmjs.org/cookie cache-miss
623 http fetch GET 200 https://registry.npmjs.org/cookie 107ms (cache updated)
624 silly packumentCache full:https://registry.npmjs.org/cookie set size:undefined disposed:false
625 silly fetch manifest set-cookie-parser@^2.6.0
626 silly packumentCache full:https://registry.npmjs.org/set-cookie-parser cache-miss
627 http fetch GET 200 https://registry.npmjs.org/set-cookie-parser 98ms (cache miss)
628 silly packumentCache full:https://registry.npmjs.org/set-cookie-parser set size:undefined disposed:false
629 silly fetch manifest turbo-stream@2.4.0
630 silly packumentCache full:https://registry.npmjs.org/turbo-stream cache-miss
631 http fetch GET 200 https://registry.npmjs.org/turbo-stream 148ms (cache miss)
632 silly packumentCache full:https://registry.npmjs.org/turbo-stream set size:undefined disposed:false
633 silly placeDep ROOT @types/cookie@0.6.0 OK for: react-router@7.3.0 want: ^0.6.0
634 silly placeDep ROOT cookie@1.0.2 OK for: react-router@7.3.0 want: ^1.0.1
635 silly placeDep ROOT set-cookie-parser@2.7.1 OK for: react-router@7.3.0 want: ^2.6.0
636 silly placeDep ROOT turbo-stream@2.4.0 OK for: react-router@7.3.0 want: 2.4.0
637 silly placeDep ROOT dom-helpers@5.2.1 OK for: react-transition-group@4.4.5 want: ^5.0.1
638 silly placeDep ROOT is-core-module@2.16.1 OK for: resolve@1.22.10 want: ^2.16.0
639 silly placeDep ROOT path-parse@1.0.7 OK for: resolve@1.22.10 want: ^1.0.7
640 silly placeDep ROOT supports-preserve-symlinks-flag@1.0.0 OK for: resolve@1.22.10 want: ^1.0.0
641 silly reify moves {}
642 silly audit bulk request {
642 silly audit   '@emotion/react': [ '11.14.0' ],
642 silly audit   react: [ '19.0.0' ],
642 silly audit   '@emotion/styled': [ '11.14.0' ],
642 silly audit   '@mui/icons-material': [ '5.16.14' ],
642 silly audit   '@mui/material': [ '5.16.14' ],
642 silly audit   'react-dom': [ '19.0.0' ],
642 silly audit   axios: [ '1.8.1' ],
642 silly audit   cors: [ '2.8.5' ],
642 silly audit   'react-router-dom': [ '7.3.0' ],
642 silly audit   '@babel/runtime': [ '7.26.9' ],
642 silly audit   '@emotion/babel-plugin': [ '11.13.5' ],
642 silly audit   '@emotion/cache': [ '11.14.0' ],
642 silly audit   '@emotion/serialize': [ '1.3.3' ],
642 silly audit   '@emotion/use-insertion-effect-with-fallbacks': [ '1.2.0' ],
642 silly audit   '@emotion/utils': [ '1.4.2' ],
642 silly audit   '@emotion/weak-memoize': [ '0.4.0' ],
642 silly audit   'hoist-non-react-statics': [ '3.3.2' ],
642 silly audit   'regenerator-runtime': [ '0.14.1' ],
642 silly audit   '@babel/helper-module-imports': [ '7.25.9' ],
642 silly audit   '@emotion/hash': [ '0.9.2' ],
642 silly audit   '@emotion/memoize': [ '0.9.0' ],
642 silly audit   'babel-plugin-macros': [ '3.1.0' ],
642 silly audit   'convert-source-map': [ '1.9.0' ],
642 silly audit   'escape-string-regexp': [ '4.0.0' ],
642 silly audit   'find-root': [ '1.1.0' ],
642 silly audit   'source-map': [ '0.5.7' ],
642 silly audit   stylis: [ '4.2.0' ],
642 silly audit   '@babel/traverse': [ '7.26.9' ],
642 silly audit   '@babel/types': [ '7.26.9' ],
642 silly audit   '@babel/code-frame': [ '7.26.2' ],
642 silly audit   '@babel/generator': [ '7.26.9' ],
642 silly audit   '@babel/parser': [ '7.26.9' ],
642 silly audit   '@babel/template': [ '7.26.9' ],
642 silly audit   debug: [ '4.4.0' ],
642 silly audit   globals: [ '11.12.0' ],
642 silly audit   '@babel/helper-validator-identifier': [ '7.25.9' ],
642 silly audit   'js-tokens': [ '4.0.0' ],
642 silly audit   picocolors: [ '1.1.1' ],
642 silly audit   '@jridgewell/gen-mapping': [ '0.3.8' ],
642 silly audit   '@jridgewell/trace-mapping': [ '0.3.25' ],
642 silly audit   jsesc: [ '3.1.0' ],
642 silly audit   '@babel/helper-string-parser': [ '7.25.9' ],
642 silly audit   '@emotion/sheet': [ '1.4.0' ],
642 silly audit   '@emotion/unitless': [ '0.10.0' ],
642 silly audit   csstype: [ '3.1.3' ],
642 silly audit   '@emotion/is-prop-valid': [ '1.3.1' ],
642 silly audit   '@jridgewell/set-array': [ '1.2.1' ],
642 silly audit   '@jridgewell/sourcemap-codec': [ '1.5.0' ],
642 silly audit   '@jridgewell/resolve-uri': [ '3.1.2' ],
642 silly audit   '@mui/core-downloads-tracker': [ '5.16.14' ],
642 silly audit   '@mui/system': [ '5.16.14' ],
642 silly audit   '@mui/types': [ '7.2.21' ],
642 silly audit   '@mui/utils': [ '5.16.14' ],
642 silly audit   '@popperjs/core': [ '2.11.8' ],
642 silly audit   '@types/react-transition-group': [ '4.4.12' ],
642 silly audit   '@types/react': [ '19.0.10' ],
642 silly audit   clsx: [ '2.1.1' ],
642 silly audit   'prop-types': [ '15.8.1' ],
642 silly audit   'react-is': [ '19.0.0', '16.13.1' ],
642 silly audit   'react-transition-group': [ '4.4.5' ],
642 silly audit   '@mui/private-theming': [ '5.16.14' ],
642 silly audit   '@mui/styled-engine': [ '5.16.14' ],
642 silly audit   '@types/prop-types': [ '15.7.14' ],
642 silly audit   'follow-redirects': [ '1.15.9' ],
642 silly audit   'form-data': [ '4.0.2' ],
642 silly audit   'proxy-from-env': [ '1.1.0' ],
642 silly audit   cosmiconfig: [ '7.1.0' ],
642 silly audit   resolve: [ '1.22.10' ],
642 silly audit   'object-assign': [ '4.1.1' ],
642 silly audit   vary: [ '1.1.2' ],
642 silly audit   '@types/parse-json': [ '4.0.2' ],
642 silly audit   'import-fresh': [ '3.3.1' ],
642 silly audit   'parse-json': [ '5.2.0' ],
642 silly audit   'path-type': [ '4.0.0' ],
642 silly audit   yaml: [ '1.10.2' ],
642 silly audit   ms: [ '2.1.3' ],
642 silly audit   asynckit: [ '0.4.0' ],
642 silly audit   'combined-stream': [ '1.0.8' ],
642 silly audit   'es-set-tostringtag': [ '2.1.0' ],
642 silly audit   'mime-types': [ '2.1.35' ],
642 silly audit   'delayed-stream': [ '1.0.0' ],
642 silly audit   'es-errors': [ '1.3.0' ],
642 silly audit   'get-intrinsic': [ '1.3.0' ],
642 silly audit   'has-tostringtag': [ '1.0.2' ],
642 silly audit   hasown: [ '2.0.2' ],
642 silly audit   'call-bind-apply-helpers': [ '1.0.2' ],
642 silly audit   'es-define-property': [ '1.0.1' ],
642 silly audit   'es-object-atoms': [ '1.1.1' ],
642 silly audit   'function-bind': [ '1.1.2' ],
642 silly audit   'get-proto': [ '1.0.1' ],
642 silly audit   gopd: [ '1.2.0' ],
642 silly audit   'has-symbols': [ '1.1.0' ],
642 silly audit   'math-intrinsics': [ '1.1.0' ],
642 silly audit   'dunder-proto': [ '1.0.1' ],
642 silly audit   'parent-module': [ '1.0.1' ],
642 silly audit   'resolve-from': [ '4.0.0' ],
642 silly audit   'mime-db': [ '1.52.0' ],
642 silly audit   callsites: [ '3.1.0' ],
642 silly audit   'error-ex': [ '1.3.2' ],
642 silly audit   'json-parse-even-better-errors': [ '2.3.1' ],
642 silly audit   'lines-and-columns': [ '1.2.4' ],
642 silly audit   'is-arrayish': [ '0.2.1' ],
642 silly audit   'loose-envify': [ '1.4.0' ],
642 silly audit   scheduler: [ '0.25.0' ],
642 silly audit   'react-router': [ '7.3.0' ],
642 silly audit   '@types/cookie': [ '0.6.0' ],
642 silly audit   cookie: [ '1.0.2' ],
642 silly audit   'set-cookie-parser': [ '2.7.1' ],
642 silly audit   'turbo-stream': [ '2.4.0' ],
642 silly audit   'dom-helpers': [ '5.2.1' ],
642 silly audit   'is-core-module': [ '2.16.1' ],
642 silly audit   'path-parse': [ '1.0.7' ],
642 silly audit   'supports-preserve-symlinks-flag': [ '1.0.0' ]
642 silly audit }
643 http cache path-parse@https://registry.npmjs.org/path-parse/-/path-parse-1.0.7.tgz 1ms (cache hit)
644 http cache supports-preserve-symlinks-flag@https://registry.npmjs.org/supports-preserve-symlinks-flag/-/supports-preserve-symlinks-flag-1.0.0.tgz 1ms (cache hit)
645 http cache is-core-module@https://registry.npmjs.org/is-core-module/-/is-core-module-2.16.1.tgz 1ms (cache hit)
646 http cache dom-helpers@https://registry.npmjs.org/dom-helpers/-/dom-helpers-5.2.1.tgz 0ms (cache hit)
647 http cache turbo-stream@https://registry.npmjs.org/turbo-stream/-/turbo-stream-2.4.0.tgz 0ms (cache hit)
648 http cache set-cookie-parser@https://registry.npmjs.org/set-cookie-parser/-/set-cookie-parser-2.7.1.tgz 0ms (cache hit)
649 http cache cookie@https://registry.npmjs.org/cookie/-/cookie-1.0.2.tgz 0ms (cache hit)
650 http cache @types/cookie@https://registry.npmjs.org/@types/cookie/-/cookie-0.6.0.tgz 0ms (cache hit)
651 http cache react-router@https://registry.npmjs.org/react-router/-/react-router-7.3.0.tgz 0ms (cache hit)
652 http cache scheduler@https://registry.npmjs.org/scheduler/-/scheduler-0.25.0.tgz 0ms (cache hit)
653 http cache loose-envify@https://registry.npmjs.org/loose-envify/-/loose-envify-1.4.0.tgz 0ms (cache hit)
654 http cache is-arrayish@https://registry.npmjs.org/is-arrayish/-/is-arrayish-0.2.1.tgz 0ms (cache hit)
655 http cache lines-and-columns@https://registry.npmjs.org/lines-and-columns/-/lines-and-columns-1.2.4.tgz 0ms (cache hit)
656 http cache error-ex@https://registry.npmjs.org/error-ex/-/error-ex-1.3.2.tgz 0ms (cache hit)
657 http cache callsites@https://registry.npmjs.org/callsites/-/callsites-3.1.0.tgz 0ms (cache hit)
658 http cache mime-db@https://registry.npmjs.org/mime-db/-/mime-db-1.52.0.tgz 0ms (cache hit)
659 http cache json-parse-even-better-errors@https://registry.npmjs.org/json-parse-even-better-errors/-/json-parse-even-better-errors-2.3.1.tgz 0ms (cache hit)
660 http cache resolve-from@https://registry.npmjs.org/resolve-from/-/resolve-from-4.0.0.tgz 0ms (cache hit)
661 http cache parent-module@https://registry.npmjs.org/parent-module/-/parent-module-1.0.1.tgz 0ms (cache hit)
662 http cache dunder-proto@https://registry.npmjs.org/dunder-proto/-/dunder-proto-1.0.1.tgz 1ms (cache hit)
663 http cache math-intrinsics@https://registry.npmjs.org/math-intrinsics/-/math-intrinsics-1.1.0.tgz 0ms (cache hit)
664 http cache has-symbols@https://registry.npmjs.org/has-symbols/-/has-symbols-1.1.0.tgz 0ms (cache hit)
665 http cache gopd@https://registry.npmjs.org/gopd/-/gopd-1.2.0.tgz 0ms (cache hit)
666 http cache get-proto@https://registry.npmjs.org/get-proto/-/get-proto-1.0.1.tgz 0ms (cache hit)
667 http cache function-bind@https://registry.npmjs.org/function-bind/-/function-bind-1.1.2.tgz 0ms (cache hit)
668 http cache es-object-atoms@https://registry.npmjs.org/es-object-atoms/-/es-object-atoms-1.1.1.tgz 0ms (cache hit)
669 http cache es-define-property@https://registry.npmjs.org/es-define-property/-/es-define-property-1.0.1.tgz 0ms (cache hit)
670 http cache call-bind-apply-helpers@https://registry.npmjs.org/call-bind-apply-helpers/-/call-bind-apply-helpers-1.0.2.tgz 0ms (cache hit)
671 http cache hasown@https://registry.npmjs.org/hasown/-/hasown-2.0.2.tgz 0ms (cache hit)
672 http cache has-tostringtag@https://registry.npmjs.org/has-tostringtag/-/has-tostringtag-1.0.2.tgz 0ms (cache hit)
673 http cache get-intrinsic@https://registry.npmjs.org/get-intrinsic/-/get-intrinsic-1.3.0.tgz 0ms (cache hit)
674 http cache es-errors@https://registry.npmjs.org/es-errors/-/es-errors-1.3.0.tgz 0ms (cache hit)
675 http cache delayed-stream@https://registry.npmjs.org/delayed-stream/-/delayed-stream-1.0.0.tgz 0ms (cache hit)
676 http cache mime-types@https://registry.npmjs.org/mime-types/-/mime-types-2.1.35.tgz 0ms (cache hit)
677 http cache es-set-tostringtag@https://registry.npmjs.org/es-set-tostringtag/-/es-set-tostringtag-2.1.0.tgz 0ms (cache hit)
678 http cache combined-stream@https://registry.npmjs.org/combined-stream/-/combined-stream-1.0.8.tgz 1ms (cache hit)
679 http cache asynckit@https://registry.npmjs.org/asynckit/-/asynckit-0.4.0.tgz 0ms (cache hit)
680 http cache ms@https://registry.npmjs.org/ms/-/ms-2.1.3.tgz 0ms (cache hit)
681 http cache yaml@https://registry.npmjs.org/yaml/-/yaml-1.10.2.tgz 0ms (cache hit)
682 http cache path-type@https://registry.npmjs.org/path-type/-/path-type-4.0.0.tgz 0ms (cache hit)
683 http cache parse-json@https://registry.npmjs.org/parse-json/-/parse-json-5.2.0.tgz 0ms (cache hit)
684 http cache import-fresh@https://registry.npmjs.org/import-fresh/-/import-fresh-3.3.1.tgz 0ms (cache hit)
685 http cache @types/parse-json@https://registry.npmjs.org/@types/parse-json/-/parse-json-4.0.2.tgz 0ms (cache hit)
686 http cache vary@https://registry.npmjs.org/vary/-/vary-1.1.2.tgz 0ms (cache hit)
687 http cache object-assign@https://registry.npmjs.org/object-assign/-/object-assign-4.1.1.tgz 0ms (cache hit)
688 http cache cosmiconfig@https://registry.npmjs.org/cosmiconfig/-/cosmiconfig-7.1.0.tgz 0ms (cache hit)
689 http cache resolve@https://registry.npmjs.org/resolve/-/resolve-1.22.10.tgz 0ms (cache hit)
690 http cache proxy-from-env@https://registry.npmjs.org/proxy-from-env/-/proxy-from-env-1.1.0.tgz 0ms (cache hit)
691 http cache form-data@https://registry.npmjs.org/form-data/-/form-data-4.0.2.tgz 0ms (cache hit)
692 http cache follow-redirects@https://registry.npmjs.org/follow-redirects/-/follow-redirects-1.15.9.tgz 0ms (cache hit)
693 http cache @types/prop-types@https://registry.npmjs.org/@types/prop-types/-/prop-types-15.7.14.tgz 0ms (cache hit)
694 http cache @mui/styled-engine@https://registry.npmjs.org/@mui/styled-engine/-/styled-engine-5.16.14.tgz 0ms (cache hit)
695 http cache @mui/private-theming@https://registry.npmjs.org/@mui/private-theming/-/private-theming-5.16.14.tgz 0ms (cache hit)
696 http cache react-transition-group@https://registry.npmjs.org/react-transition-group/-/react-transition-group-4.4.5.tgz 0ms (cache hit)
697 http cache react-is@https://registry.npmjs.org/react-is/-/react-is-19.0.0.tgz 0ms (cache hit)
698 http cache clsx@https://registry.npmjs.org/clsx/-/clsx-2.1.1.tgz 0ms (cache hit)
699 http cache prop-types@https://registry.npmjs.org/prop-types/-/prop-types-15.8.1.tgz 0ms (cache hit)
700 http cache @types/react@https://registry.npmjs.org/@types/react/-/react-19.0.10.tgz 0ms (cache hit)
701 http cache @types/react-transition-group@https://registry.npmjs.org/@types/react-transition-group/-/react-transition-group-4.4.12.tgz 0ms (cache hit)
702 http cache @popperjs/core@https://registry.npmjs.org/@popperjs/core/-/core-2.11.8.tgz 0ms (cache hit)
703 http cache @mui/utils@https://registry.npmjs.org/@mui/utils/-/utils-5.16.14.tgz 0ms (cache hit)
704 http cache @mui/types@https://registry.npmjs.org/@mui/types/-/types-7.2.21.tgz 0ms (cache hit)
705 http cache @mui/system@https://registry.npmjs.org/@mui/system/-/system-5.16.14.tgz 0ms (cache hit)
706 http cache @mui/core-downloads-tracker@https://registry.npmjs.org/@mui/core-downloads-tracker/-/core-downloads-tracker-5.16.14.tgz 0ms (cache hit)
707 http cache @jridgewell/resolve-uri@https://registry.npmjs.org/@jridgewell/resolve-uri/-/resolve-uri-3.1.2.tgz 0ms (cache hit)
708 http cache @jridgewell/sourcemap-codec@https://registry.npmjs.org/@jridgewell/sourcemap-codec/-/sourcemap-codec-1.5.0.tgz 0ms (cache hit)
709 http cache @jridgewell/set-array@https://registry.npmjs.org/@jridgewell/set-array/-/set-array-1.2.1.tgz 0ms (cache hit)
710 http cache @emotion/is-prop-valid@https://registry.npmjs.org/@emotion/is-prop-valid/-/is-prop-valid-1.3.1.tgz 0ms (cache hit)
711 http cache csstype@https://registry.npmjs.org/csstype/-/csstype-3.1.3.tgz 0ms (cache hit)
712 http cache @emotion/unitless@https://registry.npmjs.org/@emotion/unitless/-/unitless-0.10.0.tgz 0ms (cache hit)
713 http cache @emotion/sheet@https://registry.npmjs.org/@emotion/sheet/-/sheet-1.4.0.tgz 0ms (cache hit)
714 http cache @babel/helper-string-parser@https://registry.npmjs.org/@babel/helper-string-parser/-/helper-string-parser-7.25.9.tgz 0ms (cache hit)
715 http cache jsesc@https://registry.npmjs.org/jsesc/-/jsesc-3.1.0.tgz 0ms (cache hit)
716 http cache @jridgewell/trace-mapping@https://registry.npmjs.org/@jridgewell/trace-mapping/-/trace-mapping-0.3.25.tgz 0ms (cache hit)
717 http cache @jridgewell/gen-mapping@https://registry.npmjs.org/@jridgewell/gen-mapping/-/gen-mapping-0.3.8.tgz 0ms (cache hit)
718 http cache js-tokens@https://registry.npmjs.org/js-tokens/-/js-tokens-4.0.0.tgz 0ms (cache hit)
719 http cache picocolors@https://registry.npmjs.org/picocolors/-/picocolors-1.1.1.tgz 0ms (cache hit)
720 http cache @babel/helper-validator-identifier@https://registry.npmjs.org/@babel/helper-validator-identifier/-/helper-validator-identifier-7.25.9.tgz 0ms (cache hit)
721 http cache globals@https://registry.npmjs.org/globals/-/globals-11.12.0.tgz 0ms (cache hit)
722 http cache debug@https://registry.npmjs.org/debug/-/debug-4.4.0.tgz 0ms (cache hit)
723 http cache @babel/template@https://registry.npmjs.org/@babel/template/-/template-7.26.9.tgz 0ms (cache hit)
724 http cache @babel/parser@https://registry.npmjs.org/@babel/parser/-/parser-7.26.9.tgz 0ms (cache hit)
725 http cache @babel/generator@https://registry.npmjs.org/@babel/generator/-/generator-7.26.9.tgz 0ms (cache hit)
726 http cache @babel/code-frame@https://registry.npmjs.org/@babel/code-frame/-/code-frame-7.26.2.tgz 0ms (cache hit)
727 http cache @babel/types@https://registry.npmjs.org/@babel/types/-/types-7.26.9.tgz 0ms (cache hit)
728 http cache @babel/traverse@https://registry.npmjs.org/@babel/traverse/-/traverse-7.26.9.tgz 0ms (cache hit)
729 http cache stylis@https://registry.npmjs.org/stylis/-/stylis-4.2.0.tgz 0ms (cache hit)
730 http cache source-map@https://registry.npmjs.org/source-map/-/source-map-0.5.7.tgz 0ms (cache hit)
731 http cache find-root@https://registry.npmjs.org/find-root/-/find-root-1.1.0.tgz 0ms (cache hit)
732 http cache escape-string-regexp@https://registry.npmjs.org/escape-string-regexp/-/escape-string-regexp-4.0.0.tgz 0ms (cache hit)
733 http cache convert-source-map@https://registry.npmjs.org/convert-source-map/-/convert-source-map-1.9.0.tgz 0ms (cache hit)
734 http cache babel-plugin-macros@https://registry.npmjs.org/babel-plugin-macros/-/babel-plugin-macros-3.1.0.tgz 0ms (cache hit)
735 http cache @emotion/memoize@https://registry.npmjs.org/@emotion/memoize/-/memoize-0.9.0.tgz 0ms (cache hit)
736 http cache @emotion/hash@https://registry.npmjs.org/@emotion/hash/-/hash-0.9.2.tgz 0ms (cache hit)
737 http cache @babel/helper-module-imports@https://registry.npmjs.org/@babel/helper-module-imports/-/helper-module-imports-7.25.9.tgz 1ms (cache hit)
738 http cache regenerator-runtime@https://registry.npmjs.org/regenerator-runtime/-/regenerator-runtime-0.14.1.tgz 0ms (cache hit)
739 http cache hoist-non-react-statics@https://registry.npmjs.org/hoist-non-react-statics/-/hoist-non-react-statics-3.3.2.tgz 0ms (cache hit)
740 http cache @emotion/weak-memoize@https://registry.npmjs.org/@emotion/weak-memoize/-/weak-memoize-0.4.0.tgz 0ms (cache hit)
741 http cache @emotion/utils@https://registry.npmjs.org/@emotion/utils/-/utils-1.4.2.tgz 0ms (cache hit)
742 http cache @emotion/use-insertion-effect-with-fallbacks@https://registry.npmjs.org/@emotion/use-insertion-effect-with-fallbacks/-/use-insertion-effect-with-fallbacks-1.2.0.tgz 1ms (cache hit)
743 http cache @emotion/serialize@https://registry.npmjs.org/@emotion/serialize/-/serialize-1.3.3.tgz 0ms (cache hit)
744 http cache @emotion/cache@https://registry.npmjs.org/@emotion/cache/-/cache-11.14.0.tgz 0ms (cache hit)
745 http cache @emotion/babel-plugin@https://registry.npmjs.org/@emotion/babel-plugin/-/babel-plugin-11.13.5.tgz 0ms (cache hit)
746 http cache @babel/runtime@https://registry.npmjs.org/@babel/runtime/-/runtime-7.26.9.tgz 0ms (cache hit)
747 http cache react-router-dom@https://registry.npmjs.org/react-router-dom/-/react-router-dom-7.3.0.tgz 0ms (cache hit)
748 http cache cors@https://registry.npmjs.org/cors/-/cors-2.8.5.tgz 0ms (cache hit)
749 http cache axios@https://registry.npmjs.org/axios/-/axios-1.8.1.tgz 0ms (cache hit)
750 http cache react-dom@https://registry.npmjs.org/react-dom/-/react-dom-19.0.0.tgz 0ms (cache hit)
751 http cache @mui/material@https://registry.npmjs.org/@mui/material/-/material-5.16.14.tgz 0ms (cache hit)
752 http cache @emotion/styled@https://registry.npmjs.org/@emotion/styled/-/styled-11.14.0.tgz 0ms (cache hit)
753 http cache react@https://registry.npmjs.org/react/-/react-19.0.0.tgz 0ms (cache hit)
754 http cache @emotion/react@https://registry.npmjs.org/@emotion/react/-/react-11.14.0.tgz 0ms (cache hit)
755 http cache react-is@https://registry.npmjs.org/react-is/-/react-is-16.13.1.tgz 0ms (cache hit)
756 http cache @mui/icons-material@https://registry.npmjs.org/@mui/icons-material/-/icons-material-5.16.14.tgz 0ms (cache hit)
757 http cache react-is@https://registry.npmjs.org/react-is/-/react-is-16.13.1.tgz 0ms (cache hit)
758 silly tarball no local data for dom-helpers@https://registry.npmjs.org/dom-helpers/-/dom-helpers-5.2.1.tgz. Extracting by manifest.
759 silly tarball no local data for set-cookie-parser@https://registry.npmjs.org/set-cookie-parser/-/set-cookie-parser-2.7.1.tgz. Extracting by manifest.
760 silly tarball no local data for turbo-stream@https://registry.npmjs.org/turbo-stream/-/turbo-stream-2.4.0.tgz. Extracting by manifest.
761 silly tarball no local data for cookie@https://registry.npmjs.org/cookie/-/cookie-1.0.2.tgz. Extracting by manifest.
762 silly tarball no local data for @types/cookie@https://registry.npmjs.org/@types/cookie/-/cookie-0.6.0.tgz. Extracting by manifest.
763 silly tarball no local data for react-router@https://registry.npmjs.org/react-router/-/react-router-7.3.0.tgz. Extracting by manifest.
764 silly tarball no local data for @popperjs/core@https://registry.npmjs.org/@popperjs/core/-/core-2.11.8.tgz. Extracting by manifest.
765 silly tarball no local data for @mui/utils@https://registry.npmjs.org/@mui/utils/-/utils-5.16.14.tgz. Extracting by manifest.
766 silly tarball no local data for @mui/system@https://registry.npmjs.org/@mui/system/-/system-5.16.14.tgz. Extracting by manifest.
767 silly tarball no local data for @babel/types@https://registry.npmjs.org/@babel/types/-/types-7.26.9.tgz. Extracting by manifest.
768 silly tarball no local data for react-router-dom@https://registry.npmjs.org/react-router-dom/-/react-router-dom-7.3.0.tgz. Extracting by manifest.
769 silly tarball no local data for cors@https://registry.npmjs.org/cors/-/cors-2.8.5.tgz. Extracting by manifest.
770 silly tarball no local data for axios@https://registry.npmjs.org/axios/-/axios-1.8.1.tgz. Extracting by manifest.
771 silly tarball no local data for react-dom@https://registry.npmjs.org/react-dom/-/react-dom-19.0.0.tgz. Extracting by manifest.
772 silly tarball no local data for @mui/material@https://registry.npmjs.org/@mui/material/-/material-5.16.14.tgz. Extracting by manifest.
773 silly tarball no local data for @emotion/react@https://registry.npmjs.org/@emotion/react/-/react-11.14.0.tgz. Extracting by manifest.
774 silly tarball no local data for @mui/icons-material@https://registry.npmjs.org/@mui/icons-material/-/icons-material-5.16.14.tgz. Extracting by manifest.
775 http fetch POST 200 https://registry.npmjs.org/-/npm/v1/security/advisories/bulk 2174ms
776 silly audit report {}
777 http fetch GET 200 https://registry.npmjs.org/@types/cookie/-/cookie-0.6.0.tgz 4613ms (cache miss)
778 http fetch GET 200 https://registry.npmjs.org/set-cookie-parser/-/set-cookie-parser-2.7.1.tgz 5017ms (cache miss)
779 http fetch GET 200 https://registry.npmjs.org/react-router-dom/-/react-router-dom-7.3.0.tgz 5208ms (cache miss)
780 http fetch GET 200 https://registry.npmjs.org/cors/-/cors-2.8.5.tgz 5241ms (cache miss)
781 http fetch GET 200 https://registry.npmjs.org/cookie/-/cookie-1.0.2.tgz 5565ms (cache miss)
782 http fetch GET 200 https://registry.npmjs.org/turbo-stream/-/turbo-stream-2.4.0.tgz 6029ms (cache miss)
783 http fetch GET 200 https://registry.npmjs.org/react-router/-/react-router-7.3.0.tgz 10926ms (cache miss)
784 http fetch GET 200 https://registry.npmjs.org/axios/-/axios-1.8.1.tgz 11908ms (cache miss)
785 http fetch GET 200 https://registry.npmjs.org/react-dom/-/react-dom-19.0.0.tgz 12269ms (cache miss)
786 http fetch GET 200 https://registry.npmjs.org/@emotion/react/-/react-11.14.0.tgz 13240ms (cache miss)
787 http fetch GET 200 https://registry.npmjs.org/@babel/types/-/types-7.26.9.tgz 14838ms (cache miss)
788 http fetch GET 200 https://registry.npmjs.org/dom-helpers/-/dom-helpers-5.2.1.tgz 15626ms (cache miss)
789 http fetch GET 200 https://registry.npmjs.org/@popperjs/core/-/core-2.11.8.tgz 15796ms (cache miss)
790 http fetch GET 200 https://registry.npmjs.org/@mui/system/-/system-5.16.14.tgz 17113ms (cache miss)
791 http fetch GET 200 https://registry.npmjs.org/@mui/utils/-/utils-5.16.14.tgz 19007ms (cache miss)
792 http fetch GET 200 https://registry.npmjs.org/@mui/material/-/material-5.16.14.tgz 37546ms (cache miss)
793 http fetch GET 200 https://registry.npmjs.org/@mui/icons-material/-/icons-material-5.16.14.tgz 323354ms (cache miss)
794 silly ADD node_modules/supports-preserve-symlinks-flag
795 silly ADD node_modules/path-parse
796 silly ADD node_modules/is-core-module
797 silly ADD node_modules/dom-helpers
798 silly ADD node_modules/turbo-stream
799 silly ADD node_modules/set-cookie-parser
800 silly ADD node_modules/cookie
801 silly ADD node_modules/@types/cookie
802 silly ADD node_modules/react-router
803 silly ADD node_modules/scheduler
804 silly ADD node_modules/loose-envify
805 silly ADD node_modules/is-arrayish
806 silly ADD node_modules/lines-and-columns
807 silly ADD node_modules/json-parse-even-better-errors
808 silly ADD node_modules/error-ex
809 silly ADD node_modules/callsites
810 silly ADD node_modules/mime-db
811 silly ADD node_modules/resolve-from
812 silly ADD node_modules/parent-module
813 silly ADD node_modules/dunder-proto
814 silly ADD node_modules/math-intrinsics
815 silly ADD node_modules/has-symbols
816 silly ADD node_modules/gopd
817 silly ADD node_modules/get-proto
818 silly ADD node_modules/function-bind
819 silly ADD node_modules/es-object-atoms
820 silly ADD node_modules/es-define-property
821 silly ADD node_modules/call-bind-apply-helpers
822 silly ADD node_modules/hasown
823 silly ADD node_modules/has-tostringtag
824 silly ADD node_modules/get-intrinsic
825 silly ADD node_modules/es-errors
826 silly ADD node_modules/delayed-stream
827 silly ADD node_modules/mime-types
828 silly ADD node_modules/es-set-tostringtag
829 silly ADD node_modules/combined-stream
830 silly ADD node_modules/asynckit
831 silly ADD node_modules/ms
832 silly ADD node_modules/yaml
833 silly ADD node_modules/path-type
834 silly ADD node_modules/parse-json
835 silly ADD node_modules/import-fresh
836 silly ADD node_modules/@types/parse-json
837 silly ADD node_modules/vary
838 silly ADD node_modules/object-assign
839 silly ADD node_modules/resolve
840 silly ADD node_modules/cosmiconfig
841 silly ADD node_modules/proxy-from-env
842 silly ADD node_modules/form-data
843 silly ADD node_modules/follow-redirects
844 silly ADD node_modules/@types/prop-types
845 silly ADD node_modules/@mui/styled-engine
846 silly ADD node_modules/@mui/private-theming
847 silly ADD node_modules/react-transition-group
848 silly ADD node_modules/react-is
849 silly ADD node_modules/prop-types
850 silly ADD node_modules/prop-types/node_modules/react-is
851 silly ADD node_modules/clsx
852 silly ADD node_modules/@types/react
853 silly ADD node_modules/@types/react-transition-group
854 silly ADD node_modules/@popperjs/core
855 silly ADD node_modules/@mui/utils
856 silly ADD node_modules/@mui/types
857 silly ADD node_modules/@mui/system
858 silly ADD node_modules/@mui/core-downloads-tracker
859 silly ADD node_modules/@jridgewell/resolve-uri
860 silly ADD node_modules/@jridgewell/sourcemap-codec
861 silly ADD node_modules/@jridgewell/set-array
862 silly ADD node_modules/@emotion/is-prop-valid
863 silly ADD node_modules/csstype
864 silly ADD node_modules/@emotion/unitless
865 silly ADD node_modules/@emotion/sheet
866 silly ADD node_modules/@babel/helper-string-parser
867 silly ADD node_modules/jsesc
868 silly ADD node_modules/@jridgewell/trace-mapping
869 silly ADD node_modules/@jridgewell/gen-mapping
870 silly ADD node_modules/picocolors
871 silly ADD node_modules/js-tokens
872 silly ADD node_modules/@babel/helper-validator-identifier
873 silly ADD node_modules/globals
874 silly ADD node_modules/debug
875 silly ADD node_modules/@babel/template
876 silly ADD node_modules/@babel/parser
877 silly ADD node_modules/@babel/generator
878 silly ADD node_modules/@babel/code-frame
879 silly ADD node_modules/@babel/types
880 silly ADD node_modules/@babel/traverse
881 silly ADD node_modules/stylis
882 silly ADD node_modules/source-map
883 silly ADD node_modules/find-root
884 silly ADD node_modules/escape-string-regexp
885 silly ADD node_modules/convert-source-map
886 silly ADD node_modules/babel-plugin-macros
887 silly ADD node_modules/@emotion/memoize
888 silly ADD node_modules/@emotion/hash
889 silly ADD node_modules/@babel/helper-module-imports
890 silly ADD node_modules/regenerator-runtime
891 silly ADD node_modules/hoist-non-react-statics
892 silly ADD node_modules/hoist-non-react-statics/node_modules/react-is
893 silly ADD node_modules/@emotion/weak-memoize
894 silly ADD node_modules/@emotion/utils
895 silly ADD node_modules/@emotion/use-insertion-effect-with-fallbacks
896 silly ADD node_modules/@emotion/serialize
897 silly ADD node_modules/@emotion/cache
898 silly ADD node_modules/@emotion/babel-plugin
899 silly ADD node_modules/@babel/runtime
900 silly ADD node_modules/react-router-dom
901 silly ADD node_modules/cors
902 silly ADD node_modules/axios
903 silly ADD node_modules/react-dom
904 silly ADD node_modules/@mui/material
905 silly ADD node_modules/@mui/icons-material
906 silly ADD node_modules/@emotion/styled
907 silly ADD node_modules/react
908 silly ADD node_modules/@emotion/react
909 verbose cwd C:\Users\adrian\AppData\Local
910 verbose os Windows_NT 10.0.22000
911 verbose node v22.14.0
912 verbose npm  v10.9.2
913 verbose exit 0
914 info ok
